<?xml version="1.0" encoding="UTF-8"?>
<!-- Generated by org.testng.reporters.JUnitXMLReporter -->
<testsuite ignored="0" hostname="DESKTOP-P9UPF3A" failures="0" tests="3" name="Default test(failed)" time="0.156" errors="0" timestamp="2022-05-25T16:11:04 IST">
  <testcase classname="testClasses.TestClass3" name="@BeforeTest Launchrowser" time="-1.653475264403E9">
    <failure type="org.testng.TestNGException" message="
Parameter &amp;apos;browesrName&amp;apos; is required by BeforeTest on method Launchrowser but has not been marked @Optional or defined
in C:\Users\Admin\eclipse-workspace\Actitime\test-output\testng-failed.xml">
      <![CDATA[org.testng.TestNGException: 
Parameter 'browesrName' is required by BeforeTest on method Launchrowser but has not been marked @Optional or defined
in C:\Users\Admin\eclipse-workspace\Actitime\test-output\testng-failed.xml
... Removed 21 stack frames]]>
    </failure>
  </testcase> <!-- @BeforeTest Launchrowser -->
  <testcase classname="testClasses.TestClass3" name="@BeforeClass CreatePOMClassObject" time="-1.653475264458E9">
    <skipped/>
  </testcase> <!-- @BeforeClass CreatePOMClassObject -->
  <testcase classname="testClasses.TestClass3" name="@BeforeMethod LoginIntoPage" time="-1.653475264487E9">
    <skipped/>
  </testcase> <!-- @BeforeMethod LoginIntoPage -->
  <testcase classname="testClasses.TestClass3" name="@AfterMethod LogOutFromApplication" time="-1.653475264502E9">
    <skipped/>
  </testcase> <!-- @AfterMethod LogOutFromApplication -->
  <testcase classname="testClasses.TestClass3" name="@BeforeMethod LoginIntoPage" time="-1.653475264506E9">
    <skipped/>
  </testcase> <!-- @BeforeMethod LoginIntoPage -->
  <testcase classname="testClasses.TestClass3" name="@AfterMethod LogOutFromApplication" time="-1.653475264514E9">
    <skipped/>
  </testcase> <!-- @AfterMethod LogOutFromApplication -->
  <testcase classname="testClasses.TestClass3" name="@BeforeMethod LoginIntoPage" time="-1.653475264517E9">
    <skipped/>
  </testcase> <!-- @BeforeMethod LoginIntoPage -->
  <testcase classname="testClasses.TestClass3" name="@AfterMethod LogOutFromApplication" time="-1.653475264536E9">
    <skipped/>
  </testcase> <!-- @AfterMethod LogOutFromApplication -->
  <testcase classname="testClasses.TestClass3" name="@AfterClass clearPOMObject" time="-1.653475264541E9">
    <skipped/>
  </testcase> <!-- @AfterClass clearPOMObject -->
  <testcase classname="testClasses.TestClass3" name="@AfterTest CloseBrowser" time="-1.653475264548E9">
    <skipped/>
  </testcase> <!-- @AfterTest CloseBrowser -->
  <testcase classname="testClasses.TestClass3" name="VerifyUserButton" time="0.0">
    <skipped/>
  </testcase> <!-- VerifyUserButton -->
  <testcase classname="testClasses.TestClass3" name="VerifyTaskButton" time="0.0">
    <skipped/>
  </testcase> <!-- VerifyTaskButton -->
  <testcase classname="testClasses.TestClass3" name="VerifyReportButton" time="0.0">
    <skipped/>
  </testcase> <!-- VerifyReportButton -->
</testsuite> <!-- Default test(failed) -->
