<?xml version="1.0" encoding="UTF-8"?>
<!-- Generated by org.testng.reporters.JUnitXMLReporter -->
<testsuite ignored="0" hostname="DESKTOP-P9UPF3A" failures="0" tests="3" name="ChromeTest" time="0.566" errors="0" timestamp="2022-05-30T13:21:52 IST">
  <testcase classname="testClasses.TestClass3" name="@BeforeMethod LoginIntoPage" time="0.005">
    <failure type="java.lang.NullPointerException" message="Cannot invoke &amp;quot;org.openqa.selenium.WebDriver.get(String)&amp;quot; because &amp;quot;this.driver&amp;quot; is null">
      <![CDATA[java.lang.NullPointerException: Cannot invoke "org.openqa.selenium.WebDriver.get(String)" because "this.driver" is null
at testClasses.TestClass3.LoginIntoPage(TestClass3.java:53)
at java.base/java.util.ArrayList.forEach(ArrayList.java:1511)
... Removed 31 stack frames]]>
    </failure>
  </testcase> <!-- @BeforeMethod LoginIntoPage -->
  <testcase classname="testClasses.TestClass3" name="@AfterMethod LogOutFromApplication" time="-1.653897112324E9">
    <skipped/>
  </testcase> <!-- @AfterMethod LogOutFromApplication -->
  <testcase classname="testClasses.TestClass3" name="@BeforeMethod LoginIntoPage" time="-1.653897112356E9">
    <skipped/>
  </testcase> <!-- @BeforeMethod LoginIntoPage -->
  <testcase classname="testClasses.TestClass3" name="@AfterMethod LogOutFromApplication" time="-1.653897112388E9">
    <skipped/>
  </testcase> <!-- @AfterMethod LogOutFromApplication -->
  <testcase classname="testClasses.TestClass3" name="@BeforeMethod LoginIntoPage" time="-1.653897112393E9">
    <skipped/>
  </testcase> <!-- @BeforeMethod LoginIntoPage -->
  <testcase classname="testClasses.TestClass3" name="@AfterMethod LogOutFromApplication" time="-1.653897112417E9">
    <skipped/>
  </testcase> <!-- @AfterMethod LogOutFromApplication -->
  <testcase classname="testClasses.TestClass3" name="@AfterClass clearPOMObject" time="-1.653897112442E9">
    <skipped/>
  </testcase> <!-- @AfterClass clearPOMObject -->
  <testcase classname="testClasses.TestClass3" name="@AfterTest CloseBrowser" time="-1.653897112473E9">
    <skipped/>
  </testcase> <!-- @AfterTest CloseBrowser -->
  <testcase classname="testClasses.TestClass3" name="VerifyReportButton" time="0.0">
    <skipped/>
  </testcase> <!-- VerifyReportButton -->
  <testcase classname="testClasses.TestClass3" name="VerifyTaskButton" time="0.0">
    <skipped/>
  </testcase> <!-- VerifyTaskButton -->
  <testcase classname="testClasses.TestClass3" name="VerifyUserButton" time="0.0">
    <skipped/>
  </testcase> <!-- VerifyUserButton -->
</testsuite> <!-- ChromeTest -->
