<?xml version="1.0" encoding="UTF-8"?>
<!-- Generated by org.testng.reporters.JUnitXMLReporter -->
<testsuite ignored="0" hostname="DESKTOP-P9UPF3A" failures="0" tests="3" name="Default test" time="0.189" errors="0" timestamp="2022-05-27T00:00:17 IST">
  <testcase classname="testClasses.TestClass3" name="@BeforeTest Launchrowser" time="-1.653589816762E9">
    <failure type="org.testng.TestNGException" message="
Parameter &amp;apos;browesrName&amp;apos; is required by BeforeTest on method Launchrowser but has not been marked @Optional or defined
in C:\Users\Admin\AppData\Local\Temp\testng-eclipse-524636021\testng-customsuite.xml">
      <![CDATA[org.testng.TestNGException: 
Parameter 'browesrName' is required by BeforeTest on method Launchrowser but has not been marked @Optional or defined
in C:\Users\Admin\AppData\Local\Temp\testng-eclipse-524636021\testng-customsuite.xml
at org.testng.internal.Parameters.createParams(Parameters.java:270)
at org.testng.internal.Parameters.createParametersForMethod(Parameters.java:358)
at org.testng.internal.Parameters.createParameters(Parameters.java:700)
at org.testng.internal.Parameters.createConfigurationParameters(Parameters.java:168)
at org.testng.internal.ConfigInvoker.invokeConfigurations(ConfigInvoker.java:302)
at org.testng.TestRunner.invokeTestConfigurations(TestRunner.java:637)
at org.testng.TestRunner.beforeRun(TestRunner.java:627)
at org.testng.TestRunner.run(TestRunner.java:589)
at org.testng.SuiteRunner.runTest(SuiteRunner.java:377)
at org.testng.SuiteRunner.runSequentially(SuiteRunner.java:371)
at org.testng.SuiteRunner.privateRun(SuiteRunner.java:332)
at org.testng.SuiteRunner.run(SuiteRunner.java:276)
at org.testng.SuiteRunnerWorker.runSuite(SuiteRunnerWorker.java:53)
at org.testng.SuiteRunnerWorker.run(SuiteRunnerWorker.java:96)
at org.testng.TestNG.runSuitesSequentially(TestNG.java:1212)
at org.testng.TestNG.runSuitesLocally(TestNG.java:1134)
at org.testng.TestNG.runSuites(TestNG.java:1063)
at org.testng.TestNG.run(TestNG.java:1031)
at org.testng.remote.AbstractRemoteTestNG.run(AbstractRemoteTestNG.java:115)
at org.testng.remote.RemoteTestNG.initAndRun(RemoteTestNG.java:251)
at org.testng.remote.RemoteTestNG.main(RemoteTestNG.java:77)
]]>
    </failure>
  </testcase> <!-- @BeforeTest Launchrowser -->
  <testcase classname="testClasses.TestClass3" name="@BeforeClass CreatePOMClassObject" time="-1.653589816819E9">
    <skipped/>
  </testcase> <!-- @BeforeClass CreatePOMClassObject -->
  <testcase classname="testClasses.TestClass3" name="@BeforeMethod LoginIntoPage" time="-1.653589816852E9">
    <skipped/>
  </testcase> <!-- @BeforeMethod LoginIntoPage -->
  <testcase classname="testClasses.TestClass3" name="@AfterMethod LogOutFromApplication" time="-1.653589816871E9">
    <skipped/>
  </testcase> <!-- @AfterMethod LogOutFromApplication -->
  <testcase classname="testClasses.TestClass3" name="@BeforeMethod LoginIntoPage" time="-1.653589816876E9">
    <skipped/>
  </testcase> <!-- @BeforeMethod LoginIntoPage -->
  <testcase classname="testClasses.TestClass3" name="@AfterMethod LogOutFromApplication" time="-1.653589816884E9">
    <skipped/>
  </testcase> <!-- @AfterMethod LogOutFromApplication -->
  <testcase classname="testClasses.TestClass3" name="@BeforeMethod LoginIntoPage" time="-1.653589816888E9">
    <skipped/>
  </testcase> <!-- @BeforeMethod LoginIntoPage -->
  <testcase classname="testClasses.TestClass3" name="@AfterMethod LogOutFromApplication" time="-1.6535898169E9">
    <skipped/>
  </testcase> <!-- @AfterMethod LogOutFromApplication -->
  <testcase classname="testClasses.TestClass3" name="@AfterClass clearPOMObject" time="-1.653589816924E9">
    <skipped/>
  </testcase> <!-- @AfterClass clearPOMObject -->
  <testcase classname="testClasses.TestClass3" name="@AfterTest CloseBrowser" time="-1.653589816931E9">
    <skipped/>
  </testcase> <!-- @AfterTest CloseBrowser -->
  <testcase classname="testClasses.TestClass3" name="VerifyReportButton" time="0.0">
    <skipped/>
  </testcase> <!-- VerifyReportButton -->
  <testcase classname="testClasses.TestClass3" name="VerifyTaskButton" time="0.001">
    <skipped/>
  </testcase> <!-- VerifyTaskButton -->
  <testcase classname="testClasses.TestClass3" name="VerifyUserButton" time="0.0">
    <skipped/>
  </testcase> <!-- VerifyUserButton -->
</testsuite> <!-- Default test -->
